[03Jun2025 00:00:07.164] [Server thread/INFO] [net.minecraft.server.MinecraftServer/]: Foxi_Castillo has made the advancement [Hot Stuff]
[03Jun2025 00:02:45.189] [Server thread/INFO] [net.minecraft.server.MinecraftServer/]: [Foxi_Castillo: Teleported Foxi_Castillo to 399.500000, 64.500000, 797.500000]
[03Jun2025 00:02:56.971] [Server thread/WARN] [net.minecraft.server.network.ServerGamePacketListenerImpl/]: Foxi_Castillo moved too quickly! 2.385145596460802,-1.2277792520400368,-9.737284708888637
[03Jun2025 00:04:35.867] [Server thread/INFO] [net.minecraft.server.MinecraftServer/]: [Foxi_Castillo: Teleported Foxi_Castillo to 245.500000, 67.500000, 913.500000]
[03Jun2025 00:10:57.112] [Server thread/INFO] [net.minecraft.server.MinecraftServer/]: Foxi_Castillo has reached the goal [Bone Crusher]
[03Jun2025 00:12:38.963] [Server thread/INFO] [net.minecraft.server.network.ServerGamePacketListenerImpl/]: Foxi_Castillo lost connection: Disconnected
[03Jun2025 00:12:38.963] [Server thread/INFO] [net.minecraft.server.MinecraftServer/]: Foxi_Castillo left the game
[03Jun2025 00:13:36.555] [Server thread/INFO] [net.minecraftforge.common.AdvancementLoadFix/]: Using new advancement loading for net.minecraft.server.PlayerAdvancements@4b72b1ee
[03Jun2025 00:13:36.577] [Server thread/ERROR] [net.minecraft.stats.ServerRecipeBook/]: Tried to load unrecognized recipe: apotheosis:potion_charm_enchanting removed now.
[03Jun2025 00:13:36.580] [Server thread/ERROR] [net.minecraft.stats.ServerRecipeBook/]: Tried to load unrecognized recipe: apotheosis:potion_charm_enchanting removed now.
[03Jun2025 00:13:36.581] [Server thread/INFO] [net.minecraft.server.players.PlayerList/]: Foxi_Castillo[/127.207.80.4:53701] logged in with entity id 83219 at (255.51745393982426, 71.0, 985.8656979365275)
[03Jun2025 00:13:36.644] [Server thread/INFO] [net.minecraft.server.MinecraftServer/]: Foxi_Castillo joined the game
[03Jun2025 00:13:36.697] [Server thread/INFO] [Jade/]: Syncing config to Foxi_Castillo (eea1cc73-2ca4-3f52-b852-ce4cf1a5e48a)
[03Jun2025 00:13:49.910] [Server thread/INFO] [net.minecraft.server.MinecraftServer/]: playerrevive.chat.bleeding
[03Jun2025 00:13:49.910] [Server thread/WARN] [tombstone/]: The death event of the player Foxi_Castillo was canceled by another mod
[03Jun2025 00:13:49.929] [Server thread/INFO] [tombstone/]: The player Foxi_Castillo has successfully been saved
[03Jun2025 00:14:05.964] [Server thread/INFO] [net.minecraft.server.MinecraftServer/]: Foxi_Castillo was slain by Mutant Creeper
[03Jun2025 00:14:13.718] [Server thread/INFO] [net.minecraft.server.MinecraftServer/]: Foxi_Castillo has reached the goal [Here They Come]
[03Jun2025 00:18:15.312] [Server thread/INFO] [net.minecraft.server.MinecraftServer/]: playerrevive.chat.bleeding
[03Jun2025 00:18:15.312] [Server thread/WARN] [tombstone/]: The death event of the player Foxi_Castillo was canceled by another mod
[03Jun2025 00:18:15.330] [Server thread/INFO] [tombstone/]: The player Foxi_Castillo has successfully been saved
[03Jun2025 00:18:35.365] [Server thread/INFO] [net.minecraft.server.MinecraftServer/]: Foxi_Castillo was blown up by Mutant Creeper
[03Jun2025 00:21:39.767] [Server thread/INFO] [net.minecraft.server.network.ServerGamePacketListenerImpl/]: Foxi_Castillo lost connection: Disconnected
[03Jun2025 00:21:39.767] [Server thread/INFO] [net.minecraft.server.MinecraftServer/]: Foxi_Castillo left the game
[03Jun2025 00:21:50.218] [Server thread/INFO] [net.minecraft.server.MinecraftServer/]: Stopping the server
[03Jun2025 00:21:50.260] [Server thread/INFO] [net.minecraft.server.MinecraftServer/]: Stopping server
[03Jun2025 00:21:50.262] [Server thread/INFO] [net.minecraft.server.MinecraftServer/]: Saving players
[03Jun2025 00:21:50.262] [Server thread/INFO] [net.minecraft.server.MinecraftServer/]: Saving worlds
[03Jun2025 00:21:51.682] [Server thread/INFO] [net.minecraft.server.MinecraftServer/]: Saving chunks for level 'ServerLevel[world]'/minecraft:overworld
[03Jun2025 00:21:51.848] [Server thread/INFO] [net.minecraft.server.MinecraftServer/]: Saving chunks for level 'ServerLevel[world]'/minecraft:the_end
[03Jun2025 00:21:51.850] [Server thread/INFO] [net.minecraft.server.MinecraftServer/]: Saving chunks for level 'ServerLevel[world]'/minecraft:the_nether
[03Jun2025 00:21:51.890] [Server thread/INFO] [net.minecraft.server.MinecraftServer/]: ThreadedAnvilChunkStorage (world): All chunks are saved
[03Jun2025 00:21:51.890] [Server thread/INFO] [net.minecraft.server.MinecraftServer/]: ThreadedAnvilChunkStorage (DIM1): All chunks are saved
[03Jun2025 00:21:51.890] [Server thread/INFO] [net.minecraft.server.MinecraftServer/]: ThreadedAnvilChunkStorage (DIM-1): All chunks are saved
[03Jun2025 00:21:51.890] [Server thread/INFO] [net.minecraft.server.MinecraftServer/]: ThreadedAnvilChunkStorage: All dimensions are saved
[03Jun2025 00:21:51.994] [Server thread/INFO] [Framework/]: Unloading server configs...
[03Jun2025 00:21:51.995] [Server thread/INFO] [Framework/]: Sending config unload event for refurbished_furniture.server.toml
